Traitement de Louis MOREL
Louis MOREL : rang=4 col=4 | top=660 | left=800
Traitement de Marguerite FAIVRE
Marguerite FAIVRE : rang=4 col=5 | top=660 | left=1000
Traitement de André MOREL
André MOREL : rang=5 col=4 | top=825 | left=800
Traitement de Naïa JOUBANT
Naïa JOUBANT : rang=5 col=5 | top=825 | left=1000
Traitement de Doris MOREL
Doris MOREL : rang=6 col=4 | top=990 | left=800
Traitement de Daniel BOISSIÈRE
Daniel BOISSIÈRE : rang=6 col=3 | top=990 | left=600
Traitement de Nicolas BOISSIÈRE
Nicolas BOISSIÈRE : rang=7 col=4 | top=1155 | left=800
Traitement de Morgan FLAVIEN
Morgan FLAVIEN : rang=7 col=5 | top=1155 | left=1000
Traitement de Océane BOISSIÈRE
Océane BOISSIÈRE : rang=8 col=4 | top=1320 | left=800
Traitement de Xavier FAIVRE
Xavier FAIVRE : rang=8 col=3 | top=1320 | left=600
Traitement de Gabriel FAIVRE
Gabriel FAIVRE : rang=9 col=4 | top=1485 | left=800
